<?xml version="1.0" encoding="UTF-8"?>
<!-- Generated by org.testng.reporters.JUnitReportReporter -->
<testsuite hostname="LAPTOP-03ASMH6O" failures="0" tests="1" name="com.qa.test.GetCallBDD" time="2.077" errors="0" timestamp="2022-02-16T11:37:15 PST" skipped="0">
  <testcase classname="com.qa.test.GetCallBDD" name="getWeatherDetailsofCity" time="2.077"/>
  <system-out/>
</testsuite> <!-- com.qa.test.GetCallBDD -->
